Log file open, 11/02/19 01:10:00
LogWindows: Failed to load 'aqProf.dll' (GetLastError=126)
LogWindows: File 'aqProf.dll' does not exist
LogWindows: Failed to load 'VtuneApi.dll' (GetLastError=126)
LogWindows: File 'VtuneApi.dll' does not exist
LogWindows: Failed to load 'VtuneApi32e.dll' (GetLastError=126)
LogWindows: File 'VtuneApi32e.dll' does not exist
LogInit: Display: Running engine for game: Basic
LogInit: Display: Project file not found: ../../../Basic/Basic.uproject
LogInit: Display: 	Attempting to find via project info helper.
LogUProjectInfo: Found projects:
LogPlatformFile: Not using cached read wrapper
LogInit: Display: RandInit(-133584969) SRandInit(-133584969).
LogTaskGraph: Started task graph with 5 named threads and 23 total threads with 3 sets of task threads.
LogStats: Stats thread started at 0.398155
LogD3D11RHI: Aftermath initialized
LogICUInternationalization: Display: ICU TimeZone Detection - Raw Offset: -5:00, Platform Override: ''
LogPluginManager: Mounting plugin Paper2D
LogPluginManager: Mounting plugin LightPropagationVolume
LogPluginManager: Mounting plugin CryptoKeys
LogPluginManager: Mounting plugin FacialAnimation
LogPluginManager: Mounting plugin DatasmithContent
LogPluginManager: Mounting plugin CharacterAI
LogPluginManager: Mounting plugin HTML5Networking
LogPluginManager: Mounting plugin AvfMedia
LogPluginManager: Mounting plugin ImgMedia
LogPluginManager: Mounting plugin LinearTimecode
LogPluginManager: Mounting plugin MediaCompositing
LogPluginManager: Mounting plugin WmfMedia
LogPluginManager: Mounting plugin TcpMessaging
LogPluginManager: Mounting plugin UdpMessaging
LogPluginManager: Mounting plugin ActorSequence
LogPluginManager: Mounting plugin OnlineSubsystem
LogPluginManager: Mounting plugin OnlineSubsystemNull
LogPluginManager: Mounting plugin OnlineSubsystemUtils
LogPluginManager: Mounting plugin AndroidPermission
LogPluginManager: Mounting plugin AppleARKit
LogPluginManager: Mounting plugin ProceduralMeshComponent
LogPluginManager: Mounting plugin LiveLink
LogPluginManager: Mounting plugin ArchVisCharacter
LogPluginManager: Mounting plugin AudioCapture
LogPluginManager: Mounting plugin CableComponent
LogPluginManager: Mounting plugin CustomMeshComponent
LogPluginManager: Mounting plugin ExampleDeviceProfileSelector
LogPluginManager: Mounting plugin ImmediatePhysics
LogPluginManager: Mounting plugin LocationServicesBPLibrary
LogPluginManager: Mounting plugin MobilePatchingUtils
LogPluginManager: Mounting plugin OculusVR
LogPluginManager: Mounting plugin PhysXVehicles
LogPluginManager: Mounting plugin RuntimePhysXCooking
LogPluginManager: Mounting plugin SteamVR
LogPluginManager: Mounting plugin WindowsMoviePlayer
LogStreaming: Display: Took  0.077s to configure plugins.
LogInit: Using libcurl 7.47.1
LogInit:  - built for x86_64-pc-win32
LogInit:  - supports SSL with OpenSSL/1.0.2g
LogInit:  - supports HTTP deflate (compression) using libz 1.2.8
LogInit:  - other features:
LogInit:      CURL_VERSION_SSL
LogInit:      CURL_VERSION_LIBZ
LogInit:      CURL_VERSION_IPV6
LogInit:      CURL_VERSION_ASYNCHDNS
LogInit:      CURL_VERSION_LARGEFILE
LogInit:      CURL_VERSION_IDN
LogInit:  CurlRequestOptions (configurable via config and command line):
LogInit:  - bVerifyPeer = false  - Libcurl will NOT verify peer certificate
LogInit:  - bUseHttpProxy = false  - Libcurl will NOT use HTTP proxy
LogInit:  - bDontReuseConnections = false  - Libcurl will reuse connections
LogInit:  - CertBundlePath = nullptr  - Libcurl will use whatever was configured at build time.
LogInit:  - MaxHostConnections = 16  - Libcurl will limit the number of connections to a host
LogInit:  - LocalHostAddr = Default
LogInit: WinSock: version 1.1 (2.2), MaxSocks=32767, MaxUdp=65467
LogInit: WinSock: I am dunlab218 (147.64.242.218:0)
LogInit: Build: ++UE4+Release-4.19-CL-4033788
LogInit: Engine Version: 4.19.2-4033788+++UE4+Release-4.19
LogInit: Compatible Engine Version: 4.19.0-3944462+++UE4+Release-4.19
LogInit: Net CL: 3944462
LogDevObjectVersion: Number of dev versions registered: 18
LogDevObjectVersion:   Dev-Blueprints (B0D832E4-1F89-4F0D-ACCF-7EB736FD4AA2): 10
LogDevObjectVersion:   Dev-Build (E1C64328-A22C-4D53-A36C-8E866417BD8C): 0
LogDevObjectVersion:   Dev-Core (375EC13C-06E4-48FB-B500-84F0262A717E): 2
LogDevObjectVersion:   Dev-Editor (E4B068ED-F494-42E9-A231-DA0B2E46BB41): 23
LogDevObjectVersion:   Dev-Framework (CFFC743F-43B0-4480-9391-14DF171D2073): 33
LogDevObjectVersion:   Dev-Mobile (B02B49B5-BB20-44E9-A304-32B752E40360): 2
LogDevObjectVersion:   Dev-Networking (A4E4105C-59A1-49B5-A7C5-40C4547EDFEE): 0
LogDevObjectVersion:   Dev-Online (39C831C9-5AE6-47DC-9A44-9C173E1C8E7C): 0
LogDevObjectVersion:   Dev-Physics (78F01B33-EBEA-4F98-B9B4-84EACCB95AA2): 0
LogDevObjectVersion:   Dev-Platform (6631380F-2D4D-43E0-8009-CF276956A95A): 0
LogDevObjectVersion:   Dev-Rendering (12F88B9F-8875-4AFC-A67C-D90C383ABD29): 25
LogDevObjectVersion:   Dev-Sequencer (7B5AE74C-D270-4C10-A958-57980B212A5A): 6
LogDevObjectVersion:   Dev-VR (D7296918-1DD6-4BDD-9DE2-64A83CC13884): 1
LogDevObjectVersion:   Dev-LoadTimes (C2A15278-BFE7-4AFE-6C17-90FF531DF755): 1
LogDevObjectVersion:   Private-Geometry (6EACA3D4-40EC-4CC1-B786-8BED09428FC5): 2
LogDevObjectVersion:   Dev-AnimPhys (29E575DD-E0A3-4627-9D10-D276232CDCEA): 16
LogDevObjectVersion:   Dev-ReflectionCapture (6B266CEC-1EC7-4B8F-A30B-E4D90942FC07): 1
LogDevObjectVersion:   Dev-Automation (0DF73D61-A23F-47EA-B727-89E90C41499A): 1
LogInit: Compiled (64-bit): Apr 27 2018 02:10:52
LogInit: Compiled with Visual C++: 19.00.24215.01
LogInit: Build Configuration: Development
LogInit: Branch Name: ++UE4+Release-4.19
LogInit: Command Line:  
LogInit: Base Directory: C:/Games/The Mechoning/Engine/Binaries/Win64/
LogInit: Installed Engine Build: 0
LogStreaming: Display: Took  0.002s to delete old logs.
LogInit: Presizing for max 2097152 objects, including 0 objects not considered by GC, pre-allocating 0 bytes for permanent pool.
LogStreaming: Display: Async Loading initialized: Event Driven Loader: true, Async Loading Thread: false
LogInit: Object subsystem initialized
[2019.11.02-05.10.00:582][  0]LogInit: Selected Device Profile: [WindowsNoEditor]
[2019.11.02-05.10.00:582][  0]LogInit: Applying CVar settings loaded from the selected device profile: [WindowsNoEditor]
[2019.11.02-05.10.00:588][  0]LogInit: Computer: DUNLAB218
[2019.11.02-05.10.00:588][  0]LogInit: User: r813486a
[2019.11.02-05.10.00:588][  0]LogInit: CPU Page size=4096, Cores=4
[2019.11.02-05.10.00:588][  0]LogInit: High frequency timer resolution =10.000000 MHz
[2019.11.02-05.10.00:588][  0]LogMemory: Memory total: Physical=15.9GB (16GB approx)
[2019.11.02-05.10.00:588][  0]LogMemory: Platform Memory Stats for WindowsNoEditor
[2019.11.02-05.10.00:588][  0]LogMemory: Process Physical Memory: 99.30 MB used, 99.30 MB peak
[2019.11.02-05.10.00:588][  0]LogMemory: Process Virtual Memory: 109.40 MB used, 109.40 MB peak
[2019.11.02-05.10.00:588][  0]LogMemory: Physical Memory: 6787.53 MB used,  9478.33 MB free, 16265.86 MB total
[2019.11.02-05.10.00:588][  0]LogMemory: Virtual Memory: 4460.88 MB used,  9478.33 MB free, 134217728.00 MB total
[2019.11.02-05.10.00:639][  0]LogInit: Using OS detected language (en-US).
[2019.11.02-05.10.00:639][  0]LogInit: Using OS detected locale (en-US).
[2019.11.02-05.10.00:640][  0]LogTextLocalizationManager: No localization for 'en-US' exists, so 'en' will be used for the language.
[2019.11.02-05.10.00:640][  0]LogTextLocalizationManager: No localization for 'en-US' exists, so 'en' will be used for the locale.
[2019.11.02-05.10.00:668][  0]LogStreaming: Display: Took  0.029s to EndInitTextLocalization.
[2019.11.02-05.10.00:689][  0]LogSlate: New Slate User Created.  User Index 0, Is Virtual User: 0
[2019.11.02-05.10.00:689][  0]LogSlate: Slate User Registered.  User Index 0, Is Virtual User: 0
[2019.11.02-05.10.00:694][  0]LogD3D11RHI: D3D11 adapters:
[2019.11.02-05.10.00:733][  0]LogD3D11RHI:    0. 'Intel(R) HD Graphics 630' (Feature Level 11_0)
[2019.11.02-05.10.00:733][  0]LogD3D11RHI:       128/0/8132 MB DedicatedVideo/DedicatedSystem/SharedSystem, Outputs:1, VendorId:0x8086
[2019.11.02-05.10.00:755][  0]LogD3D11RHI:    1. 'Microsoft Basic Render Driver' (Feature Level 11_0)
[2019.11.02-05.10.00:755][  0]LogD3D11RHI:       0/0/8132 MB DedicatedVideo/DedicatedSystem/SharedSystem, Outputs:0, VendorId:0x1414
[2019.11.02-05.10.00:755][  0]LogD3D11RHI: Chosen D3D11 Adapter: 0
[2019.11.02-05.10.00:768][  0]LogD3D11RHI: Creating new Direct3DDevice
[2019.11.02-05.10.00:769][  0]LogD3D11RHI:     GPU DeviceId: 0x591b (for the marketing name, search the web for "GPU Device Id")
[2019.11.02-05.10.00:769][  0]LogWindows: EnumDisplayDevices:
[2019.11.02-05.10.00:769][  0]LogWindows:    0. 'Intel(R) HD Graphics 630' (P:1 D:1)
[2019.11.02-05.10.00:770][  0]LogWindows:    1. 'Intel(R) HD Graphics 630' (P:0 D:0)
[2019.11.02-05.10.00:770][  0]LogWindows:    2. 'Intel(R) HD Graphics 630' (P:0 D:0)
[2019.11.02-05.10.00:771][  0]LogWindows: DebugString: GetVideoDriverDetailsInvalid PrimaryIsNotTheChoosenAdapter GetVideoDriverDetailsInvalid PrimaryIsNotTheChoosenAdapter GetVideoDriverDetailsInvalid PrimaryIsNotTheChoosenAdapter FoundDriverCount:0 
[2019.11.02-05.10.00:771][  0]LogD3D11RHI:     Adapter Name: Intel(R) HD Graphics 630
[2019.11.02-05.10.00:771][  0]LogD3D11RHI:   Driver Version: Unknown (internal:Unknown, unified:Unknown)
[2019.11.02-05.10.00:771][  0]LogD3D11RHI:      Driver Date: Unknown
[2019.11.02-05.10.00:771][  0]LogRHI: Texture pool is 1523 MB (70% of 2176 MB)
[2019.11.02-05.10.00:806][  0]LogD3D11RHI: Async texture creation enabled
[2019.11.02-05.10.00:814][  0]LogD3D11RHI: GPU Timing Frequency: 12.000048 (Debug: 2 0)
[2019.11.02-05.10.00:823][  0]LogMaterial: Verifying Global Shaders for PCD3D_SM5
[2019.11.02-05.10.00:824][  0]LogSlate: Using Freetype 2.6.0
[2019.11.02-05.10.00:824][  0]LogSlate: SlateFontCache - WITH_FREETYPE: 1, WITH_HARFBUZZ: 1
[2019.11.02-05.10.00:824][  0]LogSlate: SlateFontCache - WITH_FREETYPE: 1, WITH_HARFBUZZ: 1
[2019.11.02-05.10.00:922][  0]LogAssetRegistry: FAssetRegistry took 0.0479 seconds to start up
[2019.11.02-05.10.01:020][  0]LogPackageLocalizationCache: Processed 9 localized package path(s) for 1 prioritized culture(s) in 0.003098 seconds
[2019.11.02-05.10.01:020][  0]LogPakFile: New pak file ../../../Basic/Content/Paks/Basic-WindowsNoEditor.pak added to pak precacher.
[2019.11.02-05.10.01:021][  0]LogInit: Selected Device Profile: [WindowsNoEditor]
[2019.11.02-05.10.01:055][  0]LogNetVersion: Basic , NetCL: 3944462, EngineNetVer: 2, GameNetVer: 0 (Checksum: 3735076348)
[2019.11.02-05.10.01:214][  0]LogMoviePlayer: Initializing movie player
[2019.11.02-05.10.01:412][  0]LogAndroidPermission: UAndroidPermissionCallbackProxy::GetInstance
[2019.11.02-05.10.01:413][  0]LogOcInput: OculusInput pre-init called
[2019.11.02-05.10.01:432][  0]LogUObjectArray: 32150 objects as part of root set at end of initial load.
[2019.11.02-05.10.01:432][  0]LogUObjectAllocator: 5924816 out of 0 bytes used by permanent object pool.
[2019.11.02-05.10.01:432][  0]LogUObjectArray: CloseDisregardForGC: 0/0 objects in disregard for GC pool
[2019.11.02-05.10.01:445][  0]LogEngine: Initializing Engine...
[2019.11.02-05.10.01:448][  0]LogHMD: Failed to initialize OpenVR with code 110
[2019.11.02-05.10.01:460][  0]LogStats: UGameplayTagsManager::ConstructGameplayTagTree: Construct from data asset -  0.000 s
[2019.11.02-05.10.01:461][  0]LogStats: UGameplayTagsManager::ConstructGameplayTagTree: GameplayTagTreeChangedEvent.Broadcast -  0.000 s
[2019.11.02-05.10.01:589][  0]LogInit: XAudio2 using 'Speakers / Headphones (Realtek Audio)' : 2 channels at 48 kHz using 32 bits per sample (channel mask 0x3)
[2019.11.02-05.10.01:692][  0]LogInit: FAudioDevice initialized.
[2019.11.02-05.10.01:703][  0]LogInit: Texture streaming: Enabled
[2019.11.02-05.10.01:709][  0]LogInit: Display: Game Engine Initialized.
[2019.11.02-05.10.01:709][  0]LogGameplayTags: Display: UGameplayTagsManager::DoneAddingNativeTags. DelegateIsBound: 0
[2019.11.02-05.10.01:710][  0]LogStats: UGameplayTagsManager::ConstructGameplayTagTree: Construct from data asset -  0.000 s
[2019.11.02-05.10.01:710][  0]LogStats: UGameplayTagsManager::ConstructGameplayTagTree: GameplayTagTreeChangedEvent.Broadcast -  0.000 s
[2019.11.02-05.10.01:720][  0]LogInit: Display: Starting Game.
[2019.11.02-05.10.01:720][  0]LogNet: Browse: /Game/MainMenu?Name=Player
[2019.11.02-05.10.01:720][  0]LogLoad: LoadMap: /Game/MainMenu?Name=Player
[2019.11.02-05.10.02:466][  0]LogAIModule: Creating AISystem for world MainMenu
[2019.11.02-05.10.02:468][  0]LogLoad: Game class is 'MyGame_C'
[2019.11.02-05.10.02:469][  0]LogWorld: Bringing World /Game/MainMenu.MainMenu up for play (max tick rate 0) at 2019.11.02-01.10.02
[2019.11.02-05.10.02:469][  0]LogWorld: Bringing up level for play took: 0.000385
[2019.11.02-05.10.02:470][  0]LogGameMode: FindPlayerStart: PATHS NOT DEFINED or NO PLAYERSTART with positive rating
[2019.11.02-05.10.02:471][  0]LogGameMode: Display: Match State Changed from EnteringMap to WaitingToStart
[2019.11.02-05.10.02:471][  0]LogGameState: Match State Changed from EnteringMap to WaitingToStart
[2019.11.02-05.10.02:471][  0]LogGameMode: Display: Match State Changed from WaitingToStart to InProgress
[2019.11.02-05.10.02:473][  0]LogUMG: Display: Widget Class User_Interface_C - Loaded Fast Template.
[2019.11.02-05.10.02:475][  0]LogUMG: Display: Widget Class MainMenu_C - Loaded Fast Template.
[2019.11.02-05.10.02:478][  0]LogEngine: Onscreen warnings/messages are now DISABLED
[2019.11.02-05.10.02:478][  0]LogGameState: Match State Changed from WaitingToStart to InProgress
[2019.11.02-05.10.02:478][  0]LogLoad: Took 0.757763 seconds to LoadMap(/Game/MainMenu)
[2019.11.02-05.10.02:479][  0]LogSlate: Took 0.000179 seconds to synchronously load lazily loaded font '../../../Engine/Content/EngineFonts/Faces/RobotoBold.ufont' (160K)
[2019.11.02-05.10.02:482][  0]LogSlate: Took 0.000355 seconds to synchronously load lazily loaded font '../../../Basic/Content/Positive_System.ufont' (458K)
[2019.11.02-05.10.02:801][  0]LogLoad: (Engine Initialization) Total time: 3.05 seconds
[2019.11.02-05.10.02:858][  0]LogRenderer: Reallocating scene render targets to support 1368x768 Format 10 NumSamples 1 (Frame:1).
[2019.11.02-05.10.03:179][  0]LogContentStreaming: Texture pool size now 1000 MB
[2019.11.02-05.10.04:110][ 27]LogSlate: FSceneViewport::OnFocusLost() reason 0
[2019.11.02-05.10.04:223][ 31]Closing by request
[2019.11.02-05.10.04:223][ 31]LogWindows: FPlatformMisc::RequestExit(0)
[2019.11.02-05.10.04:451][ 32]LogSlate: Request Window 'Basic (64-bit, PCD3D_SM5) ' being destroyed
[2019.11.02-05.10.04:480][ 32]LogSlate: Window 'Basic (64-bit, PCD3D_SM5) ' being destroyed
[2019.11.02-05.10.04:487][ 32]LogWindowsTextInputMethodSystem: Display: IME system now deactivated.
[2019.11.02-05.10.04:543][ 32]LogSlate: Slate User Destroyed.  User Index 0, Is Virtual User: 0
[2019.11.02-05.10.04:543][ 32]LogExit: Preparing to exit.
[2019.11.02-05.10.04:543][ 32]LogMoviePlayer: Shutting down movie player
[2019.11.02-05.10.04:560][ 32]LogExit: Game engine shut down
[2019.11.02-05.10.04:613][ 32]LogExit: Object subsystem successfully closed.
[2019.11.02-05.10.04:642][ 32]LogD3D11RHI: Shutdown
[2019.11.02-05.10.04:642][ 32]LogD3D11RHI: CleanupD3DDevice
[2019.11.02-05.10.04:741][ 32]LogD3D11RHI: ~FD3D11DynamicRHI
[2019.11.02-05.10.04:741][ 32]LogModuleManager: Shutting down and abandoning module AutomationController (176)
[2019.11.02-05.10.04:741][ 32]LogModuleManager: Shutting down and abandoning module AutomationWorker (174)
[2019.11.02-05.10.04:741][ 32]LogModuleManager: Shutting down and abandoning module AIModule (172)
[2019.11.02-05.10.04:741][ 32]LogModuleManager: Shutting down and abandoning module GameplayDebugger (171)
[2019.11.02-05.10.04:741][ 32]LogModuleManager: Shutting down and abandoning module WmfMediaFactory (168)
[2019.11.02-05.10.04:741][ 32]LogModuleManager: Shutting down and abandoning module OpenExrWrapper (166)
[2019.11.02-05.10.04:741][ 32]LogModuleManager: Shutting down and abandoning module ImgMediaFactory (164)
[2019.11.02-05.10.04:741][ 32]LogModuleManager: Shutting down and abandoning module AvfMediaFactory (162)
[2019.11.02-05.10.04:741][ 32]LogModuleManager: Shutting down and abandoning module CharacterAI (160)
[2019.11.02-05.10.04:741][ 32]LogModuleManager: Shutting down and abandoning module SessionServices (158)
[2019.11.02-05.10.04:741][ 32]LogModuleManager: Shutting down and abandoning module MovieSceneTracks (156)
[2019.11.02-05.10.04:741][ 32]LogModuleManager: Shutting down and abandoning module MovieScene (154)
[2019.11.02-05.10.04:741][ 32]LogModuleManager: Shutting down and abandoning module GeometryCache (152)
[2019.11.02-05.10.04:741][ 32]LogModuleManager: Shutting down and abandoning module StreamingPauseRendering (150)
[2019.11.02-05.10.04:741][ 32]LogModuleManager: Shutting down and abandoning module AnalyticsET (148)
[2019.11.02-05.10.04:741][ 32]LogModuleManager: Shutting down and abandoning module ProfilerService (146)
[2019.11.02-05.10.04:940][ 32]LogModuleManager: Shutting down and abandoning module TaskGraph (144)
[2019.11.02-05.10.04:940][ 32]LogModuleManager: Shutting down and abandoning module SteamVRController (142)
[2019.11.02-05.10.04:940][ 32]LogModuleManager: Shutting down and abandoning module OculusInput (140)
[2019.11.02-05.10.04:940][ 32]LogModuleManager: Shutting down and abandoning module MobilePatchingUtils (138)
[2019.11.02-05.10.04:940][ 32]LogModuleManager: Shutting down and abandoning module CustomMeshComponent (136)
[2019.11.02-05.10.04:940][ 32]LogModuleManager: Shutting down and abandoning module CableComponent (134)
[2019.11.02-05.10.04:940][ 32]LogModuleManager: Shutting down and abandoning module AudioCapture (132)
[2019.11.02-05.10.04:940][ 32]LogModuleManager: Shutting down and abandoning module ArchVisCharacter (130)
[2019.11.02-05.10.04:940][ 32]LogModuleManager: Shutting down and abandoning module ProceduralMeshComponent (128)
[2019.11.02-05.10.04:940][ 32]LogModuleManager: Shutting down and abandoning module AndroidPermission (126)
[2019.11.02-05.10.04:940][ 32]LogModuleManager: Shutting down and abandoning module MediaCompositing (122)
[2019.11.02-05.10.04:940][ 32]LogModuleManager: Shutting down and abandoning module LinearTimecode (120)
[2019.11.02-05.10.04:940][ 32]LogModuleManager: Shutting down and abandoning module ImgMedia (118)
[2019.11.02-05.10.04:945][ 32]LogModuleManager: Shutting down and abandoning module HTML5Networking (116)
[2019.11.02-05.10.04:945][ 32]LogModuleManager: Shutting down and abandoning module DatasmithContent (114)
[2019.11.02-05.10.04:945][ 32]LogModuleManager: Shutting down and abandoning module RuntimePhysXCooking (112)
[2019.11.02-05.10.04:945][ 32]LogModuleManager: Shutting down and abandoning module PhysXVehicles (110)
[2019.11.02-05.10.04:945][ 32]LogModuleManager: Shutting down and abandoning module LocationServicesBPLibrary (108)
[2019.11.02-05.10.04:945][ 32]LogModuleManager: Shutting down and abandoning module ImmediatePhysics (106)
[2019.11.02-05.10.04:945][ 32]LogModuleManager: Shutting down and abandoning module LiveLink (104)
[2019.11.02-05.10.05:315][ 32]LogModuleManager: Shutting down and abandoning module ActorSequence (102)
[2019.11.02-05.10.05:315][ 32]LogModuleManager: Shutting down and abandoning module UdpMessaging (100)
[2019.11.02-05.10.05:315][ 32]LogModuleManager: Shutting down and abandoning module TcpMessaging (98)
[2019.11.02-05.10.05:315][ 32]LogModuleManager: Shutting down and abandoning module FacialAnimation (96)
[2019.11.02-05.10.05:315][ 32]LogModuleManager: Shutting down and abandoning module LightPropagationVolumeRuntime (94)
[2019.11.02-05.10.05:315][ 32]LogModuleManager: Shutting down and abandoning module Paper2D (92)
[2019.11.02-05.10.05:315][ 32]LogModuleManager: Shutting down and abandoning module WindowsMoviePlayer (90)
[2019.11.02-05.10.05:315][ 32]LogModuleManager: Shutting down and abandoning module WmfMedia (88)
[2019.11.02-05.10.05:318][ 32]LogModuleManager: Shutting down and abandoning module PacketHandler (86)
[2019.11.02-05.10.05:318][ 32]LogModuleManager: Shutting down and abandoning module ClothingSystemRuntime (84)
[2019.11.02-05.10.05:318][ 32]LogModuleManager: Shutting down and abandoning module MediaAssets (82)
[2019.11.02-05.10.05:318][ 32]LogModuleManager: Shutting down and abandoning module Overlay (80)
[2019.11.02-05.10.05:318][ 32]LogModuleManager: Shutting down and abandoning module UMG (78)
[2019.11.02-05.10.05:318][ 32]LogModuleManager: Shutting down and abandoning module SlateReflector (76)
[2019.11.02-05.10.05:318][ 32]LogModuleManager: Shutting down and abandoning module Slate (74)
[2019.11.02-05.10.05:318][ 32]LogModuleManager: Shutting down and abandoning module MRMesh (72)
[2019.11.02-05.10.05:318][ 32]LogModuleManager: Shutting down and abandoning module Messaging (70)
[2019.11.02-05.10.05:318][ 32]LogModuleManager: Shutting down and abandoning module HeadMountedDisplay (68)
[2019.11.02-05.10.05:318][ 32]LogModuleManager: Shutting down and abandoning module XAudio2 (66)
[2019.11.02-05.10.05:318][ 32]LogModuleManager: Shutting down and abandoning module Networking (64)
[2019.11.02-05.10.05:318][ 32]LogModuleManager: Shutting down and abandoning module Core (62)
[2019.11.02-05.10.05:318][ 32]LogModuleManager: Shutting down and abandoning module LevelSequence (60)
[2019.11.02-05.10.05:318][ 32]LogModuleManager: Shutting down and abandoning module Media (58)
[2019.11.02-05.10.05:324][ 32]LogModuleManager: Shutting down and abandoning module ImageWrapper (54)
[2019.11.02-05.10.05:324][ 32]LogModuleManager: Shutting down and abandoning module InputCore (52)
[2019.11.02-05.10.05:324][ 32]LogModuleManager: Shutting down and abandoning module PhysXCooking (50)
[2019.11.02-05.10.05:324][ 32]LogModuleManager: Shutting down and abandoning module SteamVR (48)
[2019.11.02-05.10.05:324][ 32]LogModuleManager: Shutting down and abandoning module OculusHMD (46)
[2019.11.02-05.10.05:324][ 32]LogModuleManager: Shutting down and abandoning module ExampleDeviceProfileSelector (44)
[2019.11.02-05.10.05:324][ 32]LogModuleManager: Shutting down and abandoning module AppleARKit (42)
[2019.11.02-05.10.05:324][ 32]LogModuleManager: Shutting down and abandoning module AugmentedReality (39)
[2019.11.02-05.10.05:324][ 32]LogModuleManager: Shutting down and abandoning module OnlineSubsystem (34)
[2019.11.02-05.10.05:324][ 32]LogModuleManager: Shutting down and abandoning module HTTP (33)
[2019.11.02-05.10.05:324][ 32]LogHttp: Display: Http module shutting down, but needs to wait on 1 outstanding Http requests:
[2019.11.02-05.10.05:324][ 32]LogHttp: Display: 	verb=[POST] url=[https://datarouter.ol.epicgames.com/datarouter/api/v1/public/data?SessionID=%7BC4C4700F-4D9C-5014-544A-A5967E9DCE57%7D&AppID=UEGame.Rocket.Release%7C6A9865F34E5AD84FC16F02946982C9BF%7CThe%20Mechoning&AppVersion=4.19.2-4033788%2B%2B%2BUE4%2BRelease-4.19&UserID=ANON-%7BC4B580C8-4151-2B84-E60E-7189E36DAAC4%7D%7C%7C&AppEnvironment=datacollector-binary&UploadType=eteventstream] status=Processing
[2019.11.02-05.10.05:324][ 32]LogHttp: Display: Sleeping 0.5s to wait for 1 outstanding Http requests.
[2019.11.02-05.10.05:836][ 32]LogModuleManager: Shutting down and abandoning module SSL (32)
[2019.11.02-05.10.05:836][ 32]LogModuleManager: Shutting down and abandoning module ShaderCore (28)
[2019.11.02-05.10.05:836][ 32]LogModuleManager: Shutting down and abandoning module Landscape (26)
[2019.11.02-05.10.05:836][ 32]LogModuleManager: Shutting down and abandoning module SlateRHIRenderer (24)
[2019.11.02-05.10.05:837][ 32]LogModuleManager: Shutting down and abandoning module OpenGLDrv (22)
[2019.11.02-05.10.05:837][ 32]LogModuleManager: Shutting down and abandoning module D3D11RHI (20)
[2019.11.02-05.10.05:837][ 32]LogModuleManager: Shutting down and abandoning module AnimGraphRuntime (18)
[2019.11.02-05.10.05:837][ 32]LogModuleManager: Shutting down and abandoning module Renderer (16)
[2019.11.02-05.10.05:837][ 32]LogModuleManager: Shutting down and abandoning module Engine (14)
[2019.11.02-05.10.05:837][ 32]LogModuleManager: Shutting down and abandoning module CoreUObject (12)
[2019.11.02-05.10.05:837][ 32]LogModuleManager: Shutting down and abandoning module NetworkFile (10)
[2019.11.02-05.10.05:837][ 32]LogModuleManager: Shutting down and abandoning module CookedIterativeFile (8)
[2019.11.02-05.10.05:837][ 32]LogModuleManager: Shutting down and abandoning module StreamingFile (6)
[2019.11.02-05.10.05:837][ 32]LogModuleManager: Shutting down and abandoning module SandboxFile (4)
[2019.11.02-05.10.05:837][ 32]LogModuleManager: Shutting down and abandoning module PakFile (2)
[2019.11.02-05.10.05:839][ 32]LogExit: Exiting.
[2019.11.02-05.10.05:840][ 32]Log file closed, 11/02/19 01:10:05
